010aaf594ae6ef20eb28e3ee26038375
018fb4e59ac5474167ffc5940d7e55e7
01f69c4c2206e7c3fa3706ccd5b8b350
026bd1c7eae9f14da9480a4b88ba2fb6
02905b7ce3a6b8b0961c6c2310392ef9
04134f2be20afbb868d7a8292f49e277
052fe72e4bb7b33ca69dd0dfd01fc442
0536891daea71ab51ee1123137b67146
0648a08469a3be9eb972f0d213562805
0659c87d9fd3d5efd258ee6de3ba1003
073020eb350fc73f123bfac8ec485ecc
07c9c8ca974b6e9333c38720b0b06896
07ec2b7a71add9d1ae30379134daa6c2
086e26ec92d1cc02f3900e9ac46d6962
087f58983ef5e94e54024bc9f0f009ae
08b0dfe15192c063055ed7db8d24c625
08ebdc5f0ec8588af38ab1684318d99c
09098ae4e956a51b038876197814735e
0929d82f7059353f9593b9558983efba
0a421343005f3241376fa01e1cb3c6fb
0ba982819aaf9f5b94a7cebd48ac6018
0c49bb860962aa0d5b8e3fc277592da0
0cde024ee993679967f7ac397000ad52
0cfdfe102b7a4cb34e1a181c1d36d23d
0e0abbf0da91d9e34750441c08d5d262
0e6c9afe37a18411d275ee225a0f0f9b
0eb03fc279066b84ed49d44b2405469a
0f03cc5a508d630c6c8c8c61396e31a9
0f565d3822dca80336582ffac4adaf78
0fab386f8b6527439481f526c92341c7
0fbcb8f76124b9654076889ce04a045b
0fe5904ced20c20537fe29c1db11cd28
101d0fc4a78dc1b84953ebd399b2fad5
11329f1cdb44019afc8f48b6fdc5376d
11a29a0d63a79b0f5d19ccae1838b125
11c906f2f798abb05f143b206edf77a5
120fe19a9bc68fd85fc4963c166e9345
130a86739522ab7c56232e798d04cbf9
14294db341956a71811c9dd015b04ed7
1473ea2ded50c05b29b4f55f1b83ada3
1557734399e8da2b84a2dd9ddb4eba49
15ba31cca04cc5300361f46319247c40
1656bbad43fee4569b5c5f14110c1342
178e7de35eccad0df800f0c7539cf614
17f22c2b1e5642b41a9aeedb03261d1a
17f98f0c6cda0227e732e6761f396d1f
186ef6837e001cd9b97a132c86705545
18a89cdd00dadc593a88c924111575f1
18e8a277f2659f79291efa0e12e80cb3
19569b08f07d751d6ac4a07633653c50
19e22ef0233f8049576deda50b76ae02
1ae45904ad12b1540dc390e162b61235
1b0f90c029f75d326ea39c0371901ef4
1b268b27094ba9c5feb11192dad940ab
1bf9912633f942d6d1d4e87df33cee40
1d16a571f14fb1032bc19e9314a46deb
1e9dfabe5e068a4142e768c0c5c37b6b
1f288dcbcb562b39031c6a9402ebf6d0
1f60eb9697e240af089b134b69c2042d
204f8f6bdb24c5198175bf1ed483247b
21dbe23f56aaef87fd0980234895b321
2251a78817e67a2adaf0722fd05c7ac0
22696c601df1a7359e9b629c689700ad
22ca1a5aa492b429d274169c54554a7c
23987125927d321ec6f0c30c8f453cb3
24d93564f48ae17904aa82f937db8c21
255bae1c133d1d77ef727c063e435a78
25f868780ac18430a6f10ab4de22ffb8
26175bdbe49b712d7412c273c111e813
26542fb5b83cdb4b98a3fe31e0226b39
2701285c791f423cd2f8fd827df9c2c9
27eb0b9d14d45ede66fe86534e36a2ce
29f64df7feb04dfb16f4667ce199c9f0
2a54459212636289034af844f8634e37
2aaa319d1e1a0600837d013cb84290ea
2ac34d012c8d909d4a29aa3f6be1f23d
2ac3b55a10d5395ded9e8e54c345553b
2b96d1172d37f60aea5ce64a0b410248
2ba8bbf004fe30c0a01f6fcd25f01dcc
2bdb9d86091c6f412ffa767bdc749be9
2bebb50073ceefd0c9ccfdf3e07b3258
2c2e8b3286bd34e30a4cb57cb7e26ce5
2ca0238925d38f345acbf826854ea448
2cf358ab89c732d6b35b65e619d2bc86
2d7d6761aad911a63a235a571fa7862f
2d8d3572658fdb8754fdc84d2b15f302
2ee2377e5d4ae6f5922ea2af11f9d4e1
2f5ee4e363c30678dc3b55caf43bc63d
3059538a2542c71687871b3444f8d921
3065902101e4282b89ed4ac8f64d4a84
30cced37fcceb1800341d18d4f97b670
30eadb19db9f0db62cba7be66862920d
324274e50f2d07757e2d88ff58a0c33b
3322caacf140c92366a639ee004560ce
334de29f692ef2c5460b78fcad5c6c9e
33ed1c9fdee1000e2340ac7f92c77752
342431e61e80263f606c46bb5e399cc7
3446f8cbcf53eaca5692913ced012b11
34d49f3357eaf14c849e9cdfeb893273
34f729e5ac124e9898b2744a6598d50e
35587c6d8aa67724ba23231dd16f7b44
35621bc5e29e511198d6eabe34676975
361e1c2ca3a1e21c618e0e8fab959e30
368df106b2eaa0b4091e099f360a07d6
36b12cef6f7a805e3e74a4f430129028
36d45aff571e3fbe036f309c18d31668
376c304800b734b2a5a2c87b19eddc2a
37d781089c669131c5118415cf470422
389c70a4859f7528cc6e8b84c10766d7
39280a4d31d81837e17469e18a854116
39bfc968c35aaf5992629fb7c6b6002e
39ebaa0bb958e3529b331f4c71025e62
3a0d64b5cb2bc7319e803e344dc695b5
3b34a76a3589417f5db02883b47280a6
3b4d58c0a53671c6ce03f0529bb6089d
3b9b81a3a446c24009c7642da54dbd28
3b9c27eda65c635e109a547930942486
3c9fb643a48360935c1044efca570514
3ddbad6f438c88eec387131477ffe1b9
3dff15d768dbfe27e4d6b81fb63aee95
3e6c7121211de578d7fd831eae801438
3e9bbf75058a3f16585889bb9c64a903
3eb834d9a5d9c9fcad258087b5c2794a
3f0e2f2fb9b773bc178522a6535a9651
3f115570c2fcc85263ba97e0134fb039
4042cd8643253f65df3a4e8de320a1c9
408dff173c599256711f23238e280c15
40f1f697a457e39c30ad94b7cc712c96
41404718f9c1e94cf58aad1fc90c70a7
416cfc6a5717682cd35d381c5be07734
4175e3da216dcc8710a26359e4ecaaad
428e1e095b4e6e830b47e72f133faf87
43326b9fa7deac9d3f8f9e2a0aa0e5cf
43341a312ffd84a4ad3c3ab0df8bcd7c
44087d95184e9d94f3948f47e9b602af
44169f6a3f5b04e8dbab2a26e572a136
44a65adb7f74e6c99d05eb2721fd0baf
44b011cd504c9ed71beb851324db886a
44fd27d40ae65547c3b584c2ff360cd7
4572d22caf3e1924f894002b724f958b
459bc8b09f4dd2e1fec7c77d26193b01
459f9a2b3eddd436f0232395f129dfd0
45b9b8f7d17ce5f352c16a339e96705f
4622b60202cf3944119daf2be53aa74f
4683e6affe801713ed4cc9d596b57fac
4743a10c1d5f1ad35c31646049acb9db
4764f1400fa336d1fb972719b10b939a
47c26ba3563092e41c5a42252931baf1
48c498c9762046efbece8d183ed996ca
48dafc1e3678fa7b13cb467ab3eed071
4a3d067b19686b281e0beb437573a28c
4bab621aef9d14b5d20ac23cb8142112
4d7e1af80bc46167ef3d81cf642bf94b
4deb48e2b0ab194ce37c1bd31c73586a
4df3dfff1ee1683ac6e1c2ea24ce2589
4e1354ca6e29ab8e90b5827791c3e6ad
4eb58398a5c2ef35b16d885c5573b3d4
4edd239ce7d1f7274154cd05081f8995
4f7eedf44076ea050d7db3715f9333fa
4fbb1eec7dfd5c2fefb94a2d873ddfa5
4fca88a5c29716cbb7c0f9aa9b84007a
502c46cc149d30f9ad0c25194636dcb6
51d64c51a2363954454ee9e921b590ce
52355a4167e6ac3a80d19c94ad6259a7
5254f96ac3a601e99b6357c4f7627991
52a77871923a7f86bb1a52812bc7f2e1
52b539f29e265ef61bf418d594e3777e
52e569e00b6428b94205d3dd5c457c54
563b1e8fcb1de7a4c0e01da9100d6e09
5685a6069312d52a897fe69973269338
56af144a4d1d2e662531bdfd00d3c725
57026b7bcb8f855de3e26d572db35285
57b2773ab54bbc5c119a46fd9be2c4f0
584b6272bb8c9cc134621ff5ace8c98d
590baa25bb1cc16c31fd02395edf6835
593cb5020613a4695859130542f7fc94
59f8514f6db132207ba9e5828f73d706
5b7cab1d1cfc0c05686399d8bcbcfe5b
5bac42475431a87070720e94b27cfd99
5bb3c2b1094912a6df7e862bb2981481
5bbe1c6185296d179b95810e48ee3834
5bfd613fd31f0c2bdfb5c41f21629144
5c29f9e575b94c61db8ed52bdfa53843
5cd7d603e1cf8d2c134d039dc90112f0
5d7b429073c60d53acba21bb6e7e6caa
5dfd5bfee062cd5896b619a2b1309766
5f3a6a4c39c15d7382c2cafe64ae898d
5fa0f2a7f323a781640b126978ca8a42
5fa7fbe87758a02a1e4591f88175ccf3
609d5112c0386dc4e5f2e90b93cb7a5f
6154640fdb94510274583591cad7b379
61d2b0dcc730f0b4e92ae0d1929b3caf
6291811a3fe70d3ec8fc26b91060e2f5
63878a2b6d34b576361d2a2778f321a6
63dca285201d1fcda72a54f4302b2c3e
644706e2d97c9a9a1f9874510180f136
648fc5834f73b4196b4ceb3daad954f9
6491f0650d9628b84dee6f539df5a53d
649d691754caf9ab4aa184680d7de862
6521f6bd1eb405232a5e852423722bac
65814a1b2cccd0fd9be5ee3d5068038d
66042e52f30582445fad15569f3f00d8
661ece467567ffbb54b551dfc1c2c254
66fba4f92d2f9d8c3bee5dfad3af9828
670b5425fcd1700e2c27af5f09244cb1
68400c2f87ab843a42daff4f4b6bbb69
68c5fd1d9f2250535f69de1b78259738
693a6f13a483fa471c402f8627e128fd
694221198c0600df906d2129f6ec578d
699bc2721d93857946803525b1902b9c
6a97832f01044e9951c3169aa3240a4a
6aef233fe16a579899ce8589d5cc586a
6bd6f099dceffb0ed7725b0f6e05535c
6f9d5ab935a6fe20fd1e0b926ba309d1
705f7ae677ec62ada81eded90f90423c
71beef797a77fb8ee951179cc4be4af4
71d57e64b6f0f1d6aad55d0fa1d90dcc
72f595e92241c03ea556c206d2265d35
72ffc3c5c659e51e15d015b6e76891f5
7318eea4afaf8ef3031fbde838cae6b7
731fd2f2a515f766cc607798b52fece7
748084d9fec941ee95cc4848f747559a
748ebd6a67bc63defadb6587279281cd
761dfa8ebea5c2960ebda630764c18ac
769e6f10822359f6417955a5413eb79e
76b27c11aef5fb68a833563685b80546
76f4ee9cd5f2be8829445d4ef794c8b1
781b1ec4b3cb0b06b387e4bd71fa3daa
7945e1b0a1c0cb59c69544287488898b
79df8ea052801bd9039493b17e82171e
7a4b6fecfb6626cf8771fdab5e43f6bb
7ab107f652ed204786c289ef3ad4ba50
7abed11c52b9036b6f384dfc3431ff40
7b8f7db1f09535f4bb90bd050b18d91e
7bdd10d9a819c24aac9ebe5af3a81191
7c9be6fb7f50ffcd699ab7d97be8afd5
7ddae34c4553ef60a76c43144855ec6b
7e0d322226af514529eb56576eda8fc6
7ec85551ff14809d29e7e47df78ee277
7f2b7dcd895a7b15311df774da2153fd
7f2c47ca6e7c602d95b5cebbc0284dbb
7f93f3d5ae480947c7b3467b27714ed7
7f9464ce874d15931b734d36f7634784
7fb456c53002728ecb5967117901d386
7fcfbd86327f505c80140e6d93bf4728
7fdda4828466c135a59a2226a3c63aa4
7fe063055dfa7e626d3af6bbecce225b
801a0468432deb4ad9201d9f28271b0f
80977022f2e7d6ae989444366c8f0d6c
809796876c00ed5e4f3da838341f066f
80dda2ceea4cf152c3c3ff9745d7cef0
814b0a62f803946b2e3ef9e13ce2c54c
81e585d8e99788d7d15f1f71096784be
8213fbd1bf39e903da1b955d925464fa
8352a6fe195d3e15a7638124fb6b2e0c
83c965bd651869b400e19c6afaf13f88
83dfa354e00ac49f07ce194a82cab256
84869e5d3301ca8d7efcebffff01473b
84d4a9b7c2e398926a60fd8054e0ae10
84ec5e659c2a969be74cefef011c25d8
8598c7f6e930e77120d6b9d2116c72e5
85d6e531ce98f21b28ccaae244b65148
89d91bbb96b9ed41bd4e8105d2884774
89f1d88316711b886c887c0430c9f067
8a1143747d0114b49ca071a932e4ffa2
8a650be65e9a21400cc2e37208495906
8b1aa62b47be35932c8dc7eae45574a4
8b2aa6cb7e34c1d7ae01aa9ed4ec10a0
8b96b5a2f65327101f347bc61d7baeca
8c4f6e26dd2ca4fc42dcc21a3028b323
8c6ab8dcaf67c6b6bb275b3d6ebce744
8dc1cf162e5881d83fa321bf7caba04b
8ddfbd7d07ec834a769bec595f0f1e00
8e1b4786a6333404b532571bda40c7ad
8eda32ce475e3edbed61d83000641749
8f7395c2941730c1ff48effb917bf90f
8ff2e7cc31c91e0f406436d29afdde40
90e2a980c22e41e2b25666f676458343
91336c0e98ecb27d9cbfeedac98d2075
91604b1ea38661893778e91d67df4959
926682b15a84250e9891d979ce5497e4
9279a2e3130ed7f3a460dc4c069e92f4
929661bbf3cde8bc84cf8b4723bca87d
93f4b03cebd5584b11e231f3c32c42e5
948a64f245d1787ef613f3b80da1a648
94accabfc1c5689122a2da8f6185e2ad
9505f437988e8a2ef8b5192d89b58cdb
9580fe286b9abeaef757e232748fac11
95f29c7696aa1ffe830ac6f4fe0e96ce
960f2f029aaaa6de2034e8aa2bc72b19
9639c39d40b00c9c753c1ffcee60af5d
970260c77cbe7d3bc603891a7e7ac875
977071820de7562a8563c939d86366b4
97e0304632853d30d64e1d2c9d5dcdc5
98a5f9836e3e31f4cab332dc2a4e87ea
991b328f96cf59403445ae6ac6c9709f
9a2631cd044be2b3a37bf0ba41ccf896
9a450823f1078ae1010615e0e01567a1
9a80a429d9888826e1d984ddcf284fcb
9a9e201bbc03266f43dfa749071a943e
9c20b53330191496c97d40b0e80ad5f0
9c40a2c1fb2ea3be7a1cf407d1f52a6e
9db4f6f73f7aa55e3afe4d5d4d02a9ba
9f7ef2a457be49b6c5e95ce6031918b1
a1aac6733fa40ea402e1ebab48901102
a1f5e16b9b32bde4514010af9f4eaf51
a2209743cb2ee90ef6a70198d9da7bee
a2621a5599b3900d92c8107c92a013de
a2794be1e11f011690cbe6b7cc4dc2a0
a28ec438f281ce043506963e16cc3392
a2ad79cc48619a498305f5df3fab094b
a2d3fc45e993a55b450c66239a682cf4
a389eae40cbabd27c87cd9b1dfde5e29
a4117bdf2b04c2f95095d21383f1359e
a4a13a889c4f2f1f682d25d3f464471f
a59acf050d7cfd81b70e3546480163a5
a66ed9394da4fcae958578d32ee4572d
a6969d77f9bafab44c9f818ac8f61663
a734a0b5a6989fa70270ed223acf8ea4
a818cd0a9658cc37d183091dc63f7c82
a85c419fc54614aeed133f5d36c2f7a9
a886bef52d598e6a1407d1a0863dc2ee
a987011fa9b7db87ea245d6fbc35c960
a9e54be6eb524537ee72d0c1f66d17c7
aad3482d553c750cea14d892cfc69e27
ac2bf921d89f38e7725f5aeb308d711a
ac6d66326a43c5c3fe546d82f66c4f16
ad9b2ee370da960b846a3864aebd1db1
adb04cd9521511dd0e66bb5085da4d70
adb3c42e10f9c9a3833817a555ee23ba
ae161c403490c538f3f47d531d64c179
ae26127a10d217417220b702f5589848
ae70b35ac012edc8aba9478b4d53df97
aea7c7989fc31bbf42565eb85ca23cc6
af44cf837ed46dd722b3f96d729b0e39
b005ee76b97848ca3a066eeef1d1a321
b05c32bf40b3d781eb991f9e8b02340e
b0714c04cb4a17765cd415a3ad391b95
b19fea22dfe17cb0db61cac4ad8269d5
b1f3694343d4996014394e7993ed3bf2
b32e214252e9f0dd81b35e293f33ca85
b34d04cfd76655c98697bf96d438d6b3
b3a572be8bedbfa0cfd892232af3c85e
b4cb3dba59caa8068f14854997bab1bf
b4e782ab08672551a55b13ea8dd0a13f
b60d323eda8f0fa12186ddec45f9d66d
b7d879f6d2e54d6cfd253e369a942ca7
b807e8822ff16eb31720956e8da84a12
b815a98a9108195c077c04656b72ee95
b8592b3808c377962295b0f28d5e7c39
b8e9c3d612ec433cb0b79bf7bfa761c6
b948838afdbfa13f253e96f13adea6c4
b97933731e5d98a23cb2ca4f8397d986
b9ced8572ee23a8eaf600962c59892ea
bb628c991f4aeafca4f4b21ce00d1cba
bbc0902d124c0709fbfbf712da34c5f0
bcdf9e08d2cd31f1415f3b62563e38bc
bd580b4accc62e3e7c8b7f61e93d07a2
bda013de8da76e3379e6b5e7c3ba89bc
bda7b567006e03a6fd023a4feb2110f5
be8792abc57847d9a19940579acf8373
bf290786d4edf596c3e8deadc543e9e0
bf3af5fbe65253b7bfb42ee3614fbb93
c02570b2dab64a9545b534f9c60a6eaa
c243291e644af07ff24fe020bd8a9fe4
c24b61733ee105d1c7ec588a371483f8
c2e9eef93841f4b23aa9233a39a853de
c3bf66919c4989068fb7397728d29b48
c61797246ae097dc5f5b4b86f4f9239a
c7fa604381a2269b05b8938eb9edf9cf
c880dc09beed7db18611c60806274439
c8f352419b07ded3d92304fbe16c1379
c905904c7d7e6da7ccdf3d0cd281f792
c95070cf1e5eae52ce3daa3dd6b25fc6
ca4fadf894644bb5d046cf4ecf606a0f
ca816d2b1e2c17c42c712e7529b89d51
cb3ba61cdff849daa5a1d16b1d591cf9
cb74d6a4e5d6ab534be8c4bc6ea59970
cbcaf7268268ee5c92aa3ae3a0f0c2e1
cbddb00f97f881eb65bf28d4d85e6f55
cc6f72222c0331638007634281b115d1
ccadad37248f251c9a6d34adf7b0cd43
cd0e6b6d031aebadc0617b1e125c9166
cd398554f4e3ae991be2afcdc00bcdda
ce87bc2a6490e9a061ea53022ff3dd27
cf4bc57eb061ea279ff5b8f4acae23a9
cf9e85c2475e2f2ee84c60117253cb6c
cfd447b6a1b9bef44927de6b80a6aa9b
cfe2b1984063a3d3f6b36745000f585d
d05a676275ff0acad5e91a65873da59f
d0bab1651320d2a6af585ea77f3c45d0
d0c12b89eddbb05a99e749190aee31e2
d0ca53a04894e00e7983cabaa23dccbd
d0d325e1155aff587e05e5956c989b62
d0dee1a63da001fed35d90e2becf102a
d112d468084019f40fabae8c43dcecbb
d1a95636c0b34209b898b02526c29c0b
d1bcca20cb4c2fafe31ee38cb2083f7e
d1eb4eebbfa579d8cfe6d430e3119bb9
d21dc2cb6e6435da7f9d9b0e5759e214
d26ac3142cec48d5e008e12f51179daa
d2bd57344690c9364be84f0f636d0595
d3b118ffd4c871f20a4a9db7664a98f6
d479eb512ff1e0c5c8eed29ec740f92e
d67a4bc59596587e0ce5bacadd1cf598
d7325305485efd3cb8ce6caaf6037038
d75dc18266dd3474522cf20ee61e28d1
d8ca45cff388bc236d1c398272a88be7
d93ad9e35b986141f73bc5f734d5477e
d960b7361a0b1e67fcc77810abb29f40
d9aaa7f24179f1b8c1d8b2a414cbe415
dc8454080c97da90b37d8a37df6ae5d4
dc9c95b8b845361acfc9423d533bc55c
dce7abc80899560f569cf40198dd55a8
de7149579bcf88d47f926aba5ef96875
df4fda9792f0e674b44d0d71bdb97d1d
dfc89cbacc41ff5e11595c43ab65bf1a
e01894e14eb53ed17ff20b9d2c474314
e0aeb1fe17a4e0caa9e8561f8ffb5e26
e0d170348f56adb76acae493de624ad4
e1747f2127be5eee4cb76f2a1d4bf2c7
e1d916dad79bf902904c06cddd09eaf9
e1e67a0be8885299f63b76fe3b94421d
e215a8c415c28c01afb318c5a52a1754
e33261ead006b3678fe64dc30004f16e
e35bf2bb099e4dfc5de1e0bf6a4b9431
e365efeb3f3e3a3df5ca1424101b4405
e41765f58753400c3dc9aecc8792bfe2
e41babab4630e1e4b96eb27f81c887a2
e4c5cb32e457689f2562883f6c73200e
e59b009b0784378f3742ccd6d63bf916
e73f9b988cc678475e9525c8c6ba6ec1
e7c79d7a7b3570a7454b289fb1b53ee1
e856b940e4feaa83b018568f714e5fd0
eb6cb6e2281e0f870b00b8c6a64424c4
ebd6e5a66213b9e5fde2cc1496140691
ec29ffe8fef56a4823f9697834b6ef1e
ec58941ddd30f269004ecc32775e64de
ecb7e618a4feff91f8db76ae51dd7d3e
ed5a9b14dd7654a7ee1678b558fcc3f4
ede0bf606545e78831e8a725d98bdacf
ee1125b3655a8fd2f4a34872c1661c8d
eed3a236738edabf01b2f20c3c81994e
ef777b4f5afcc737e870eb42fcb0ce7b
effae9149da35676e712683c3167114f
f197e97228d66e506c96f55150ad5f5f
f1c41b61746035c01c0a3e0aecb98eda
f2923a3938b032195bec36b1a78559bb
f32b69c71b3edbe5606962d5dbf05aab
f38d6a391b2f86caae8d5e7e62fc83b3
f42ee3f6a863b797aec05a936733965c
f4a7057ca1666181fad67640badab45f
f7f98d4c229283aa7c4fdafdce803af8
f8b3da9db43015624b80ef9bc8ba49a2
f8f0eef633864802c5868f7c04a4c48b
f9689fd76dfebf0f91ba08ba5e24243c
f99223f87ded9f7b4b5c9bfc1f374838
f9a098af22fa620e8c16c46741ea09a8
fa7fd12f30464f6cc27d14f253c6e62e
fac3fa9cf9ccc0c87916d890ff6a3a52
fc6ece1891d15fdadf17cc917f018830
fd578caced19951c658c6a23731117c1
fd838e68b43108cfade5e5c314251efe
fe6e9cb0ec0c4ee5f863fca4b371c274
fe9f8628c681c4d6e4ee71cf8775d510
fead689bd38623fecb325902e4bdbf33
PROXY_AFP_ENG_20020105.0162
PROXY_AFP_ENG_20020106.0520
PROXY_AFP_ENG_20020111.0093
PROXY_AFP_ENG_20020117.0270
PROXY_AFP_ENG_20020123.0334
PROXY_AFP_ENG_20020123.0346
PROXY_AFP_ENG_20020126.0161
PROXY_AFP_ENG_20020128.0449
PROXY_AFP_ENG_20020201.0053
PROXY_AFP_ENG_20020210.0074
PROXY_AFP_ENG_20020301.0316
PROXY_AFP_ENG_20020304.0028
PROXY_AFP_ENG_20020329.0022
PROXY_AFP_ENG_20020404.0305
PROXY_AFP_ENG_20020406.0538
PROXY_AFP_ENG_20020408.0307
PROXY_AFP_ENG_20020408.0348
PROXY_AFP_ENG_20020414.0542
PROXY_AFP_ENG_20020416.0331
PROXY_AFP_ENG_20020422.0296
PROXY_AFP_ENG_20020423.0076
PROXY_AFP_ENG_20020423.0133
PROXY_AFP_ENG_20020517.0035
PROXY_AFP_ENG_20020517.0339
PROXY_AFP_ENG_20020522.0013
PROXY_AFP_ENG_20020610.0336
PROXY_AFP_ENG_20020621.0524
PROXY_AFP_ENG_20020626.0144
PROXY_AFP_ENG_20020629.0321
PROXY_AFP_ENG_20020723.0353
PROXY_AFP_ENG_20021015.0171
PROXY_AFP_ENG_20021018.0360
PROXY_AFP_ENG_20021102.0031
PROXY_AFP_ENG_20021104.0582
PROXY_AFP_ENG_20021110.0396
PROXY_AFP_ENG_20021112.0467
PROXY_AFP_ENG_20021203.0751
PROXY_AFP_ENG_20021210.0370
PROXY_AFP_ENG_20021221.0466
PROXY_AFP_ENG_20021223.0340
PROXY_AFP_ENG_20021226.0132
PROXY_AFP_ENG_20021226.0152
PROXY_AFP_ENG_20021226.0183
PROXY_AFP_ENG_20021226.0325
PROXY_AFP_ENG_20021230.0032
PROXY_AFP_ENG_20030110.0628
PROXY_AFP_ENG_20030111.0136
PROXY_AFP_ENG_20030120.0196
PROXY_AFP_ENG_20030122.0522
PROXY_AFP_ENG_20030125.0226
PROXY_AFP_ENG_20030126.0212
PROXY_AFP_ENG_20030128.0155
PROXY_AFP_ENG_20030128.0700
PROXY_AFP_ENG_20030204.0095
PROXY_AFP_ENG_20030210.0248
PROXY_AFP_ENG_20030218.0578
PROXY_AFP_ENG_20030220.0697
PROXY_AFP_ENG_20030225.0785
PROXY_AFP_ENG_20030316.0321
PROXY_AFP_ENG_20030321.0363
PROXY_AFP_ENG_20030330.0257
PROXY_AFP_ENG_20030403.0463
PROXY_AFP_ENG_20030406.0055
PROXY_AFP_ENG_20030522.0447
PROXY_AFP_ENG_20030525.0181
PROXY_AFP_ENG_20030621.0087
PROXY_AFP_ENG_20030624.0449
PROXY_AFP_ENG_20030630.0211
PROXY_AFP_ENG_20030701.0214
PROXY_AFP_ENG_20030703.0447
PROXY_AFP_ENG_20030714.0701
PROXY_AFP_ENG_20030715.0045
PROXY_AFP_ENG_20030718.0132
PROXY_AFP_ENG_20030720.0053
PROXY_AFP_ENG_20030803.0475
PROXY_AFP_ENG_20031129.0137
PROXY_AFP_ENG_20031202.0313
PROXY_AFP_ENG_20031204.0312
PROXY_AFP_ENG_20031210.0724
PROXY_AFP_ENG_20031216.0401
PROXY_AFP_ENG_20040203.0804
PROXY_AFP_ENG_20040209.0175
PROXY_AFP_ENG_20040210.0365
PROXY_AFP_ENG_20040216.0567
PROXY_AFP_ENG_20040229.0048
PROXY_AFP_ENG_20040329.0408
PROXY_AFP_ENG_20040424.0639
PROXY_AFP_ENG_20040626.0107
PROXY_AFP_ENG_20040720.0035
PROXY_AFP_ENG_20040720.0276
PROXY_AFP_ENG_20040728.0433
PROXY_AFP_ENG_20040807.0076
PROXY_AFP_ENG_20041104.0053
PROXY_AFP_ENG_20050222.0430
PROXY_AFP_ENG_20050317.0118
PROXY_AFP_ENG_20050321.0150
PROXY_AFP_ENG_20050322.0158
PROXY_AFP_ENG_20050519.0289
PROXY_AFP_ENG_20050601.0389
PROXY_AFP_ENG_20050603.0056
PROXY_AFP_ENG_20050604.0444
PROXY_AFP_ENG_20050708.0783
PROXY_AFP_ENG_20050718.0646
PROXY_AFP_ENG_20050912.0366
PROXY_AFP_ENG_20050919.0252
PROXY_AFP_ENG_20051010.0008
PROXY_AFP_ENG_20051212.0547
PROXY_AFP_ENG_20070116.0147
PROXY_AFP_ENG_20070116.0270
PROXY_AFP_ENG_20070125.0080
PROXY_AFP_ENG_20070201.0099
PROXY_AFP_ENG_20070203.0026
PROXY_AFP_ENG_20070205.0371
PROXY_AFP_ENG_20070206.0144
PROXY_AFP_ENG_20070207.0243
PROXY_AFP_ENG_20070208.0432
PROXY_AFP_ENG_20070209.0566
PROXY_AFP_ENG_20070209.0760
PROXY_AFP_ENG_20070215.0113
PROXY_AFP_ENG_20070223.0217
PROXY_AFP_ENG_20070227.0060
PROXY_AFP_ENG_20070302.0535
PROXY_AFP_ENG_20070305.0181
PROXY_AFP_ENG_20070313.0288
PROXY_AFP_ENG_20070315.0736
PROXY_AFP_ENG_20070323.0461
PROXY_AFP_ENG_20070326.0201
PROXY_AFP_ENG_20070327.0002
PROXY_AFP_ENG_20070327.0167
PROXY_AFP_ENG_20070412.0483
PROXY_AFP_ENG_20070415.0167
PROXY_AFP_ENG_20070419.0476
PROXY_AFP_ENG_20070426.0470
PROXY_AFP_ENG_20070430.0038
PROXY_AFP_ENG_20070504.0296
PROXY_AFP_ENG_20070508.0291
PROXY_AFP_ENG_20070511.0288
PROXY_AFP_ENG_20070524.0504
PROXY_AFP_ENG_20070525.0061
PROXY_AFP_ENG_20070607.0366
PROXY_AFP_ENG_20070607.0384
PROXY_AFP_ENG_20070612.0075
PROXY_AFP_ENG_20070612.0180
PROXY_AFP_ENG_20070612.0538
PROXY_AFP_ENG_20070620.0032
PROXY_AFP_ENG_20070625.0217
PROXY_AFP_ENG_20070627.0669
PROXY_AFP_ENG_20070709.0116
PROXY_AFP_ENG_20070714.0117
PROXY_AFP_ENG_20070714.0273
PROXY_AFP_ENG_20070714.0310
PROXY_AFP_ENG_20070715.0100
PROXY_AFP_ENG_20070716.0392
PROXY_AFP_ENG_20070716.0417
PROXY_AFP_ENG_20070716.0508
PROXY_AFP_ENG_20070720.0144
PROXY_AFP_ENG_20070721.0240
PROXY_AFP_ENG_20070818.0078
PROXY_AFP_ENG_20070820.0344
PROXY_AFP_ENG_20070904.0188
PROXY_AFP_ENG_20070906.0312
PROXY_AFP_ENG_20070906.0523
PROXY_AFP_ENG_20070910.0544
PROXY_AFP_ENG_20070911.0477
PROXY_AFP_ENG_20070921.0474
PROXY_AFP_ENG_20070925.0180
PROXY_AFP_ENG_20071001.0260
PROXY_AFP_ENG_20071004.0210
PROXY_AFP_ENG_20071007.0248
PROXY_AFP_ENG_20071008.0203
PROXY_AFP_ENG_20071027.0228
PROXY_AFP_ENG_20071030.0116
PROXY_AFP_ENG_20071030.0313
PROXY_AFP_ENG_20071107.0030
PROXY_AFP_ENG_20071109.0396
PROXY_AFP_ENG_20071111.0386
PROXY_AFP_ENG_20071124.0300
PROXY_AFP_ENG_20071127.0501
PROXY_AFP_ENG_20071128.0251
PROXY_AFP_ENG_20071128.0737
PROXY_AFP_ENG_20071130.0593
PROXY_AFP_ENG_20071201.0434
PROXY_AFP_ENG_20071202.0475
PROXY_AFP_ENG_20071206.0630
PROXY_AFP_ENG_20071211.0449
PROXY_AFP_ENG_20071219.0091
PROXY_AFP_ENG_20071223.0080
PROXY_AFP_ENG_20071228.0415
PROXY_AFP_ENG_20080101.0226
PROXY_AFP_ENG_20080102.0392
PROXY_AFP_ENG_20080107.0053
PROXY_AFP_ENG_20080125.0121
PROXY_AFP_ENG_20080128.0314
PROXY_AFP_ENG_20080131.0279
PROXY_AFP_ENG_20080204.0525
PROXY_AFP_ENG_20080212.0514
PROXY_AFP_ENG_20080303.0316
PROXY_AFP_ENG_20080403.0599
PROXY_AFP_ENG_20080421.0468
PROXY_AFP_ENG_20080423.0427
PROXY_AFP_ENG_20080425.0198
PROXY_AFP_ENG_20080429.0271
PROXY_AFP_ENG_20080521.0475
PROXY_AFP_ENG_20080521.0798
PROXY_AFP_ENG_20080522.0345
PROXY_AFP_ENG_20080526.0379
PROXY_AFP_ENG_20080530.0183
PROXY_AFP_ENG_20080530.0415
PROXY_AFP_ENG_20080701.0012
PROXY_AFP_ENG_20080705.0216
PROXY_AFP_ENG_20080711.0200
PROXY_AFP_ENG_20080719.0249
PROXY_AFP_ENG_20080723.0409
PROXY_AFP_ENG_20080725.0619
PROXY_AFP_ENG_20080728.0195
PROXY_AFP_ENG_20080802.0345
PROXY_AFP_ENG_20080813.1032
PROXY_AFP_ENG_20080916.0019
PROXY_AFP_ENG_20080926.0653
PROXY_AFP_ENG_20081014.0766
PROXY_AFP_ENG_20081021.0061
PROXY_AFP_ENG_20081029.0096
PROXY_AFP_ENG_20081104.0091
PROXY_AFP_ENG_20081107.0372
PROXY_AFP_ENG_20081119.0042
PROXY_AFP_ENG_20081127.0300
PROXY_AFP_ENG_20081211.0600
PROXY_AFP_ENG_20081212.0630
PROXY_AFP_ENG_20081218.0205
PROXY_APW_ENG_20010830.1356
PROXY_APW_ENG_20020111.0088
PROXY_APW_ENG_20020415.0560
PROXY_APW_ENG_20020520.0345
PROXY_APW_ENG_20020605.0987
PROXY_APW_ENG_20020611.1419
PROXY_APW_ENG_20020718.0539
PROXY_APW_ENG_20020808.0105
PROXY_APW_ENG_20021012.0179
PROXY_APW_ENG_20021228.0236
PROXY_APW_ENG_20030428.0186
PROXY_APW_ENG_20030508.0253
PROXY_APW_ENG_20030519.0546
PROXY_APW_ENG_20030603.0375
PROXY_APW_ENG_20030610.0127
PROXY_APW_ENG_20030819.0076
PROXY_APW_ENG_20031021.0426
PROXY_APW_ENG_20031030.0567
PROXY_APW_ENG_20031112.0410
PROXY_APW_ENG_20040106.0070
PROXY_APW_ENG_20040217.0147
PROXY_APW_ENG_20040316.0378
PROXY_APW_ENG_20040619.0115
PROXY_APW_ENG_20041109.0118
PROXY_APW_ENG_20061018.1001
PROXY_APW_ENG_20070106.0748
PROXY_APW_ENG_20070120.0456
PROXY_APW_ENG_20070131.0743
PROXY_APW_ENG_20070208.0721
PROXY_APW_ENG_20070209.1217
PROXY_APW_ENG_20070209.1337
PROXY_APW_ENG_20070217.0379
PROXY_APW_ENG_20070219.0597
PROXY_APW_ENG_20070221.0120
PROXY_APW_ENG_20070224.0621
PROXY_APW_ENG_20070227.1489
PROXY_APW_ENG_20070313.0414
PROXY_APW_ENG_20070319.1393
PROXY_APW_ENG_20070404.0572
PROXY_APW_ENG_20070412.1384
PROXY_APW_ENG_20070418.1304
PROXY_APW_ENG_20070508.0615
PROXY_APW_ENG_20070510.1477
PROXY_APW_ENG_20070530.0159
PROXY_APW_ENG_20070601.0987
PROXY_APW_ENG_20070607.0828
PROXY_APW_ENG_20070608.0304
PROXY_APW_ENG_20070610.0371
PROXY_APW_ENG_20070621.0605
PROXY_APW_ENG_20070629.1038
PROXY_APW_ENG_20070711.0162
PROXY_APW_ENG_20070712.0699
PROXY_APW_ENG_20070714.0277
PROXY_APW_ENG_20070714.0364
PROXY_APW_ENG_20070717.0693
PROXY_APW_ENG_20070801.0397
PROXY_APW_ENG_20070810.0447
PROXY_APW_ENG_20070822.0643
PROXY_APW_ENG_20070830.0658
PROXY_APW_ENG_20070919.1328
PROXY_APW_ENG_20071006.0282
PROXY_APW_ENG_20071101.1469
PROXY_APW_ENG_20071107.1335
PROXY_APW_ENG_20071122.0774
PROXY_APW_ENG_20071126.0189
PROXY_APW_ENG_20071130.0168
PROXY_APW_ENG_20071130.0491
PROXY_APW_ENG_20071226.0497
PROXY_APW_ENG_20080128.1199
PROXY_APW_ENG_20080209.0664
PROXY_APW_ENG_20080214.1715
PROXY_APW_ENG_20080227.0458
PROXY_APW_ENG_20080304.0802
PROXY_APW_ENG_20080304.0925
PROXY_APW_ENG_20080306.0007
PROXY_APW_ENG_20080319.0386
PROXY_APW_ENG_20080404.0310
PROXY_APW_ENG_20080409.0911
PROXY_APW_ENG_20080425.0971
PROXY_APW_ENG_20080508.0562
PROXY_APW_ENG_20080513.0501
PROXY_APW_ENG_20080514.1125
PROXY_APW_ENG_20080515.0628
PROXY_APW_ENG_20080710.1336
PROXY_APW_ENG_20080713.0588
PROXY_APW_ENG_20080717.0594
PROXY_APW_ENG_20080825.0241
PROXY_APW_ENG_20080826.0891
PROXY_APW_ENG_20080903.1278
PROXY_APW_ENG_20080912.0932
PROXY_APW_ENG_20080926.1065
PROXY_APW_ENG_20080926.1157
PROXY_APW_ENG_20081020.0726
PROXY_APW_ENG_20081023.1213
PROXY_APW_ENG_20081118.0402
PROXY_APW_ENG_20081121.1082
PROXY_APW_ENG_20081125.1305
PROXY_APW_ENG_20081127.1149
PROXY_CNA_ENG_20040212.0013
PROXY_CNA_ENG_20040628.0015
PROXY_CNA_ENG_20070304.0025
PROXY_CNA_ENG_20080128.0016
PROXY_CNA_ENG_20080216.0006
PROXY_CNA_ENG_20080408.0041
PROXY_NYT_ENG_20070618.0031
PROXY_NYT_ENG_20070828.0223
PROXY_NYT_ENG_20080808.0162
PROXY_NYT_ENG_20080919.0209
PROXY_NYT_ENG_20081008.0040
PROXY_NYT_ENG_20081128.0005
PROXY_XIN_ENG_20011006.0073
PROXY_XIN_ENG_20020701.0314
PROXY_XIN_ENG_20020725.0333
PROXY_XIN_ENG_20020829.0017
PROXY_XIN_ENG_20020905.0122
PROXY_XIN_ENG_20021020.0012
PROXY_XIN_ENG_20021123.0156
PROXY_XIN_ENG_20021228.0162
PROXY_XIN_ENG_20030428.0226
PROXY_XIN_ENG_20030624.0298
PROXY_XIN_ENG_20030709.0070
PROXY_XIN_ENG_20031107.0242
PROXY_XIN_ENG_20040403.0262
PROXY_XIN_ENG_20040407.0026
PROXY_XIN_ENG_20041010.0024
PROXY_XIN_ENG_20050217.0228
PROXY_XIN_ENG_20050221.0095
PROXY_XIN_ENG_20050326.0206
PROXY_XIN_ENG_20050327.0004
PROXY_XIN_ENG_20050906.0325
PROXY_XIN_ENG_20051222.0177
PROXY_XIN_ENG_20060219.0262
PROXY_XIN_ENG_20070102.0269
PROXY_XIN_ENG_20070109.0188
PROXY_XIN_ENG_20070109.0315
PROXY_XIN_ENG_20070115.0100
PROXY_XIN_ENG_20070124.0071
PROXY_XIN_ENG_20070124.0281
PROXY_XIN_ENG_20070126.0038
PROXY_XIN_ENG_20070129.0353
PROXY_XIN_ENG_20070204.0127
PROXY_XIN_ENG_20070213.0240
PROXY_XIN_ENG_20070214.0373
PROXY_XIN_ENG_20070222.0275
PROXY_XIN_ENG_20070227.0195
PROXY_XIN_ENG_20070227.0239
PROXY_XIN_ENG_20070227.0301
PROXY_XIN_ENG_20070301.0207
PROXY_XIN_ENG_20070301.0297
PROXY_XIN_ENG_20070305.0427
PROXY_XIN_ENG_20070315.0147
PROXY_XIN_ENG_20070319.0364
PROXY_XIN_ENG_20070322.0352
PROXY_XIN_ENG_20070325.0219
PROXY_XIN_ENG_20070326.0135
PROXY_XIN_ENG_20070326.0234
PROXY_XIN_ENG_20070327.0265
PROXY_XIN_ENG_20070329.0211
PROXY_XIN_ENG_20070331.0037
PROXY_XIN_ENG_20070405.0154
PROXY_XIN_ENG_20070406.0222
PROXY_XIN_ENG_20070413.0006
PROXY_XIN_ENG_20070415.0157
PROXY_XIN_ENG_20070420.0085
PROXY_XIN_ENG_20070429.0118
PROXY_XIN_ENG_20070501.0330
PROXY_XIN_ENG_20070501.0335
PROXY_XIN_ENG_20070502.0017
PROXY_XIN_ENG_20070502.0018
PROXY_XIN_ENG_20070507.0392
PROXY_XIN_ENG_20070520.0056
PROXY_XIN_ENG_20070522.0104
PROXY_XIN_ENG_20070611.0391
PROXY_XIN_ENG_20070612.0223
PROXY_XIN_ENG_20070613.0440
PROXY_XIN_ENG_20070617.0120
PROXY_XIN_ENG_20070622.0234
PROXY_XIN_ENG_20070622.0269
PROXY_XIN_ENG_20070625.0146
PROXY_XIN_ENG_20070625.0167
PROXY_XIN_ENG_20070627.0375
PROXY_XIN_ENG_20070714.0081
PROXY_XIN_ENG_20070716.0314
PROXY_XIN_ENG_20070720.0170
PROXY_XIN_ENG_20070808.0088
PROXY_XIN_ENG_20070810.0425
PROXY_XIN_ENG_20070814.0341
PROXY_XIN_ENG_20070816.0366
PROXY_XIN_ENG_20070901.0167
PROXY_XIN_ENG_20070901.0260
PROXY_XIN_ENG_20070905.0361
PROXY_XIN_ENG_20070906.0374
PROXY_XIN_ENG_20070917.0406
PROXY_XIN_ENG_20070919.0394
PROXY_XIN_ENG_20071006.0008
PROXY_XIN_ENG_20071008.0297
PROXY_XIN_ENG_20071009.0121
PROXY_XIN_ENG_20071009.0263
PROXY_XIN_ENG_20071017.0282
PROXY_XIN_ENG_20071019.0309
PROXY_XIN_ENG_20071026.0271
PROXY_XIN_ENG_20071030.0386
PROXY_XIN_ENG_20071102.0353
PROXY_XIN_ENG_20071107.0094
PROXY_XIN_ENG_20071107.0144
PROXY_XIN_ENG_20071116.0121
PROXY_XIN_ENG_20071116.0362
